0 info it worked if it ends with ok
1 verbose cli [ '/usr/local/bin/node',
1 verbose cli   '/usr/local/bin/npm',
1 verbose cli   'install',
1 verbose cli   '-g',
1 verbose cli   'nodemon',
1 verbose cli   '--save' ]
2 info using npm@1.4.28
3 info using node@v0.10.33
4 verbose node symlink /usr/local/bin/node
5 verbose cache add [ 'nodemon', null ]
6 verbose cache add name=undefined spec="nodemon" args=["nodemon",null]
7 verbose parsed url { protocol: null,
7 verbose parsed url   slashes: null,
7 verbose parsed url   auth: null,
7 verbose parsed url   host: null,
7 verbose parsed url   port: null,
7 verbose parsed url   hostname: null,
7 verbose parsed url   hash: null,
7 verbose parsed url   search: null,
7 verbose parsed url   query: null,
7 verbose parsed url   pathname: 'nodemon',
7 verbose parsed url   path: 'nodemon',
7 verbose parsed url   href: 'nodemon' }
8 silly lockFile 1625b929-nodemon nodemon
9 verbose lock nodemon /home/paulo/.npm/1625b929-nodemon.lock
10 silly lockFile 1625b929-nodemon nodemon
11 silly lockFile 1625b929-nodemon nodemon
12 verbose addNamed [ 'nodemon', '' ]
13 verbose addNamed [ null, '*' ]
14 silly lockFile 4f5e51c6-nodemon nodemon@
15 verbose lock nodemon@ /home/paulo/.npm/4f5e51c6-nodemon.lock
16 silly addNameRange { name: 'nodemon', range: '*', hasData: false }
17 verbose request where is /nodemon
18 verbose request registry https://registry.npmjs.org/
19 verbose request id fccab22932ab35ae
20 verbose url raw /nodemon
21 verbose url resolving [ 'https://registry.npmjs.org/', './nodemon' ]
22 verbose url resolved https://registry.npmjs.org/nodemon
23 verbose request where is https://registry.npmjs.org/nodemon
24 info trying registry request attempt 1 at 16:38:21
25 verbose etag "ETF689JS3WJ1UB77VKNHARDIH"
26 http GET https://registry.npmjs.org/nodemon
27 http 200 https://registry.npmjs.org/nodemon
28 silly registry.get cb [ 200,
28 silly registry.get   { server: 'CouchDB/1.5.0 (Erlang OTP/R16B03)',
28 silly registry.get     etag: '"1JR408BMVF756KIC4IW5YAU1W"',
28 silly registry.get     'content-type': 'application/json',
28 silly registry.get     'cache-control': 'max-age=60',
28 silly registry.get     'content-length': '171435',
28 silly registry.get     'accept-ranges': 'bytes',
28 silly registry.get     date: 'Wed, 23 Sep 2015 19:37:09 GMT',
28 silly registry.get     via: '1.1 varnish',
28 silly registry.get     age: '23',
28 silly registry.get     connection: 'keep-alive',
28 silly registry.get     'x-served-by': 'cache-iad2122-IAD',
28 silly registry.get     'x-cache': 'HIT',
28 silly registry.get     'x-cache-hits': '1',
28 silly registry.get     'x-timer': 'S1443037029.674905,VS0,VE1',
28 silly registry.get     vary: 'Accept' } ]
29 silly addNameRange number 2 { name: 'nodemon', range: '*', hasData: true }
30 silly addNameRange versions [ 'nodemon',
30 silly addNameRange   [ '0.1.4',
30 silly addNameRange     '0.1.5',
30 silly addNameRange     '0.1.6',
30 silly addNameRange     '0.1.7',
30 silly addNameRange     '0.1.8',
30 silly addNameRange     '0.2.0',
30 silly addNameRange     '0.2.1',
30 silly addNameRange     '0.2.2',
30 silly addNameRange     '0.3.0',
30 silly addNameRange     '0.3.1',
30 silly addNameRange     '0.3.2',
30 silly addNameRange     '0.4.0',
30 silly addNameRange     '0.4.1',
30 silly addNameRange     '0.5.0',
30 silly addNameRange     '0.5.1',
30 silly addNameRange     '0.5.2',
30 silly addNameRange     '0.5.3',
30 silly addNameRange     '0.5.4',
30 silly addNameRange     '0.5.5',
30 silly addNameRange     '0.5.6',
30 silly addNameRange     '0.5.7',
30 silly addNameRange     '0.6.0',
30 silly addNameRange     '0.6.1',
30 silly addNameRange     '0.6.2',
30 silly addNameRange     '0.6.3',
30 silly addNameRange     '0.6.4',
30 silly addNameRange     '0.6.5',
30 silly addNameRange     '0.6.6',
30 silly addNameRange     '0.6.7',
30 silly addNameRange     '0.6.8',
30 silly addNameRange     '0.6.9',
30 silly addNameRange     '0.6.10',
30 silly addNameRange     '0.6.11',
30 silly addNameRange     '0.6.12',
30 silly addNameRange     '0.6.13',
30 silly addNameRange     '0.6.14',
30 silly addNameRange     '0.6.15',
30 silly addNameRange     '0.6.16',
30 silly addNameRange     '0.6.17',
30 silly addNameRange     '0.6.18',
30 silly addNameRange     '0.6.19',
30 silly addNameRange     '0.6.20',
30 silly addNameRange     '0.6.21',
30 silly addNameRange     '0.6.22',
30 silly addNameRange     '0.6.23',
30 silly addNameRange     '0.7.0',
30 silly addNameRange     '0.7.1',
30 silly addNameRange     '0.7.2',
30 silly addNameRange     '0.7.3',
30 silly addNameRange     '0.7.4',
30 silly addNameRange     '0.7.5',
30 silly addNameRange     '0.7.6',
30 silly addNameRange     '0.7.7',
30 silly addNameRange     '0.7.8',
30 silly addNameRange     '0.7.10',
30 silly addNameRange     '0.9.0',
30 silly addNameRange     '0.9.1',
30 silly addNameRange     '0.9.2',
30 silly addNameRange     '0.9.3',
30 silly addNameRange     '0.9.5',
30 silly addNameRange     '0.9.6',
30 silly addNameRange     '0.9.7',
30 silly addNameRange     '0.9.10',
30 silly addNameRange     '0.9.11',
30 silly addNameRange     '0.9.12',
30 silly addNameRange     '0.9.14',
30 silly addNameRange     '0.9.16',
30 silly addNameRange     '0.9.17',
30 silly addNameRange     '1.0.0',
30 silly addNameRange     '1.0.1',
30 silly addNameRange     '1.0.2',
30 silly addNameRange     '1.0.2-rc',
30 silly addNameRange     '0.6.10-a',
30 silly addNameRange     '1.0.2-rc3',
30 silly addNameRange     '1.0.2-rc4',
30 silly addNameRange     '1.0.3',
30 silly addNameRange     '1.0.4',
30 silly addNameRange     '1.0.5',
30 silly addNameRange     '1.0.6',
30 silly addNameRange     '1.0.7',
30 silly addNameRange     '1.0.8',
30 silly addNameRange     '1.0.9',
30 silly addNameRange     '1.0.10',
30 silly addNameRange     '1.0.11',
30 silly addNameRange     '1.0.12',
30 silly addNameRange     '1.0.13',
30 silly addNameRange     '1.0.14',
30 silly addNameRange     '1.0.15',
30 silly addNameRange     '1.0.16',
30 silly addNameRange     '1.0.17-rc1',
30 silly addNameRange     '1.0.17-rc2',
30 silly addNameRange     '1.0.17',
30 silly addNameRange     '1.0.18',
30 silly addNameRange     '1.0.19',
30 silly addNameRange     '1.0.20',
30 silly addNameRange     '1.1.0-alpha',
30 silly addNameRange     '1.1.0',
30 silly addNameRange     '1.1.1',
30 silly addNameRange     '1.2.0',
30 silly addNameRange     '1.2.1',
30 silly addNameRange     '1.3.0-0',
30 silly addNameRange     '1.3.0-1',
30 silly addNameRange     '1.3.0-2',
30 silly addNameRange     '1.3.0-3',
30 silly addNameRange     '1.3.0-4',
30 silly addNameRange     '1.3.0-5',
30 silly addNameRange     '1.3.0-6',
30 silly addNameRange     '1.3.0-7',
30 silly addNameRange     '1.3.0',
30 silly addNameRange     '1.3.1',
30 silly addNameRange     '1.3.2',
30 silly addNameRange     '1.3.3',
30 silly addNameRange     '1.3.5',
30 silly addNameRange     '1.3.6',
30 silly addNameRange     '1.3.7',
30 silly addNameRange     '1.3.8',
30 silly addNameRange     '1.4.0',
30 silly addNameRange     '1.4.1',
30 silly addNameRange     '1.5.0-alpha1',
30 silly addNameRange     '1.5.0-alpha2',
30 silly addNameRange     '1.5.0-alpha3',
30 silly addNameRange     '1.5.0-alpha4',
30 silly addNameRange     '1.4.2',
30 silly addNameRange     '1.5.0',
30 silly addNameRange     '1.5.1',
30 silly addNameRange     '1.6.0',
30 silly addNameRange     '1.6.1',
30 silly addNameRange     '1.7.0' ] ]
31 verbose addNamed [ 'nodemon', '1.7.0' ]
32 verbose addNamed [ '1.7.0', '1.7.0' ]
33 silly lockFile d3dd62fe-nodemon-1-7-0 nodemon@1.7.0
34 verbose lock nodemon@1.7.0 /home/paulo/.npm/d3dd62fe-nodemon-1-7-0.lock
35 silly lockFile 48fbf9d4-js-org-nodemon-nodemon-1-7-0-tgz https://registry.npmjs.org/nodemon/-/nodemon-1.7.0.tgz
36 verbose lock https://registry.npmjs.org/nodemon/-/nodemon-1.7.0.tgz /home/paulo/.npm/48fbf9d4-js-org-nodemon-nodemon-1-7-0-tgz.lock
37 verbose addRemoteTarball [ 'https://registry.npmjs.org/nodemon/-/nodemon-1.7.0.tgz',
37 verbose addRemoteTarball   '7c691e2b8e62f351c447e05d07b529f304dab044' ]
38 info retry fetch attempt 1 at 16:38:24
39 verbose fetch to= /tmp/npm-8465-Drl1ywa_/registry.npmjs.org/nodemon/-/nodemon-1.7.0.tgz
40 http GET https://registry.npmjs.org/nodemon/-/nodemon-1.7.0.tgz
41 http 200 https://registry.npmjs.org/nodemon/-/nodemon-1.7.0.tgz
42 silly lockFile 48fbf9d4-js-org-nodemon-nodemon-1-7-0-tgz https://registry.npmjs.org/nodemon/-/nodemon-1.7.0.tgz
43 silly lockFile 48fbf9d4-js-org-nodemon-nodemon-1-7-0-tgz https://registry.npmjs.org/nodemon/-/nodemon-1.7.0.tgz
44 silly lockFile d3dd62fe-nodemon-1-7-0 nodemon@1.7.0
45 silly lockFile d3dd62fe-nodemon-1-7-0 nodemon@1.7.0
46 silly lockFile 4f5e51c6-nodemon nodemon@
47 silly lockFile 4f5e51c6-nodemon nodemon@
48 error Error: EACCES, mkdir '/home/paulo/.npm/nodemon/1.7.0'
48 error  { [Error: EACCES, mkdir '/home/paulo/.npm/nodemon/1.7.0']
48 error   errno: 3,
48 error   code: 'EACCES',
48 error   path: '/home/paulo/.npm/nodemon/1.7.0' }
49 error Please try running this command again as root/Administrator.
50 error System Linux 3.13.0-63-generic
51 error command "/usr/local/bin/node" "/usr/local/bin/npm" "install" "-g" "nodemon" "--save"
52 error cwd /home/paulo/development/inscricaonline
53 error node -v v0.10.33
54 error npm -v 1.4.28
55 error path /home/paulo/.npm/nodemon/1.7.0
56 error code EACCES
57 error errno 3
58 error stack Error: EACCES, mkdir '/home/paulo/.npm/nodemon/1.7.0'
59 verbose exit [ 3, true ]
